[2025-03-17 03:51:52 : INFO] - Cache for associated TranslatePress translation posts for Title: "Borrador automático" have been purged 
[2025-03-17 03:51:52 : INFO] - Cache for associated TranslatePress translation posts' feeds for Title: "Borrador automático" have been purged 
[2025-03-17 03:51:52 : INFO] - Cache for URL: http://eugenioazurmendi.local/?p=182 has been purged, triggered by action: save_post 
[2025-03-17 03:51:52 : INFO] - Cache for previous post (with URL: http://eugenioazurmendi.local/berta/) adjacent to post with id: 182 has been purged, triggered by action: save_post 
[2025-03-17 03:51:52 : INFO] - Cache for all archives page associated with post_type: post and Title: "Borrador automático" have been purged, triggered by action: save_post 
[2025-03-17 05:07:14 : INFO] - Full Cache Purge triggered by: plugin activation/deactivation 
[2025-03-17 05:07:38 : INFO] - Full Cache Purge triggered by: plugin activation/deactivation 
[2025-03-17 18:17:47 : INFO] - Full Cache Purge triggered by: plugin activation/deactivation 
[2025-03-17 19:33:19 : INFO] - Cache for multiple term taxonomy have been purged due to post terms update, triggered by action: set_object_terms 
[2025-03-17 19:33:19 : INFO] - Cache for URL: http://eugenioazurmendi.local/berta/ has been purged, triggered by action: save_post 
[2025-03-17 19:33:19 : INFO] - Cache for all archives page associated with post_type: post and Title: "Berta" have been purged, triggered by action: save_post 
[2025-03-17 19:33:19 : INFO] - Cache for multiple term taxonomy have been purged due to post terms update, triggered by action: set_object_terms 
[2025-03-17 19:33:19 : INFO] - Cache for URL: http://eugenioazurmendi.local/berta/ has been purged, triggered by action: save_post 
[2025-03-17 19:33:19 : INFO] - Cache for all archives page associated with post_type: post and Title: "Berta" have been purged, triggered by action: save_post 
[2025-03-17 19:33:30 : INFO] - Cache for multiple term taxonomy have been purged due to post terms update, triggered by action: set_object_terms 
[2025-03-17 19:33:30 : INFO] - Cache for URL: http://eugenioazurmendi.local/berta/ has been purged, triggered by action: save_post 
[2025-03-17 19:33:30 : INFO] - Cache for all archives page associated with post_type: post and Title: "Berta" have been purged, triggered by action: save_post 
[2025-03-17 19:33:30 : INFO] - Cache for multiple term taxonomy have been purged due to post terms update, triggered by action: set_object_terms 
[2025-03-17 19:33:30 : INFO] - Cache for URL: http://eugenioazurmendi.local/berta/ has been purged, triggered by action: save_post 
[2025-03-17 19:33:30 : INFO] - Cache for all archives page associated with post_type: post and Title: "Berta" have been purged, triggered by action: save_post 
[2025-03-17 19:35:36 : INFO] - Cache for URL: http://eugenioazurmendi.local/?p=187 has been purged, triggered by action: save_post 
[2025-03-17 19:35:36 : INFO] - Cache for previous post (with URL: http://eugenioazurmendi.local/berta/) adjacent to post with id: 187 has been purged, triggered by action: save_post 
[2025-03-17 19:35:36 : INFO] - Cache for all archives page associated with post_type: post and Title: "Borrador automático" have been purged, triggered by action: save_post 
[2025-03-17 19:35:39 : INFO] - Cache for URL: http://eugenioazurmendi.local/?p=188 has been purged, triggered by action: save_post 
[2025-03-17 19:35:39 : INFO] - Cache for previous post (with URL: http://eugenioazurmendi.local/berta/) adjacent to post with id: 188 has been purged, triggered by action: save_post 
[2025-03-17 19:35:39 : INFO] - Cache for all archives page associated with post_type: post and Title: "Borrador automático" have been purged, triggered by action: save_post 
[2025-03-17 19:35:52 : INFO] - Cache for URL: http://eugenioazurmendi.local/?p=189 has been purged, triggered by action: save_post 
[2025-03-17 19:35:52 : INFO] - Cache for previous post (with URL: http://eugenioazurmendi.local/berta/) adjacent to post with id: 189 has been purged, triggered by action: save_post 
[2025-03-17 19:35:52 : INFO] - Cache for all archives page associated with post_type: post and Title: "Borrador automático" have been purged, triggered by action: save_post 
[2025-03-17 19:40:19 : INFO] - Cache for multiple term taxonomy have been purged due to post terms update, triggered by action: set_object_terms 
[2025-03-17 19:40:19 : INFO] - Cache for URL: http://eugenioazurmendi.local/berta/ has been purged, triggered by action: save_post 
[2025-03-17 19:40:19 : INFO] - Cache for all archives page associated with post_type: post and Title: "Berta" have been purged, triggered by action: save_post 
[2025-03-17 19:40:19 : INFO] - Cache for multiple term taxonomy have been purged due to post terms update, triggered by action: set_object_terms 
[2025-03-17 19:40:19 : INFO] - Cache for URL: http://eugenioazurmendi.local/berta/ has been purged, triggered by action: save_post 
[2025-03-17 19:40:19 : INFO] - Cache for all archives page associated with post_type: post and Title: "Berta" have been purged, triggered by action: save_post 
[2025-03-17 19:40:33 : INFO] - Cache for multiple term taxonomy have been purged due to post terms update, triggered by action: set_object_terms 
[2025-03-17 19:40:33 : INFO] - Cache for URL: http://eugenioazurmendi.local/berta/ has been purged, triggered by action: save_post 
[2025-03-17 19:40:33 : INFO] - Cache for all archives page associated with post_type: post and Title: "Berta" have been purged, triggered by action: save_post 
[2025-03-17 19:40:33 : INFO] - Cache for multiple term taxonomy have been purged due to post terms update, triggered by action: set_object_terms 
[2025-03-17 19:40:33 : INFO] - Cache for URL: http://eugenioazurmendi.local/berta/ has been purged, triggered by action: save_post 
[2025-03-17 19:40:33 : INFO] - Cache for all archives page associated with post_type: post and Title: "Berta" have been purged, triggered by action: save_post 
[2025-03-17 19:40:38 : INFO] - Cache for multiple term taxonomy have been purged due to post terms update, triggered by action: set_object_terms 
[2025-03-17 19:40:38 : INFO] - Cache for URL: http://eugenioazurmendi.local/berta/ has been purged, triggered by action: save_post 
[2025-03-17 19:40:38 : INFO] - Cache for all archives page associated with post_type: post and Title: "Berta" have been purged, triggered by action: save_post 
[2025-03-17 19:40:38 : INFO] - Cache for multiple term taxonomy have been purged due to post terms update, triggered by action: set_object_terms 
[2025-03-17 19:40:38 : INFO] - Cache for URL: http://eugenioazurmendi.local/berta/ has been purged, triggered by action: save_post 
[2025-03-17 19:40:38 : INFO] - Cache for all archives page associated with post_type: post and Title: "Berta" have been purged, triggered by action: save_post 
[2025-03-17 19:40:43 : INFO] - Cache for URL: http://eugenioazurmendi.local/?p=189 has been purged, triggered by action: wp_trash_post 
[2025-03-17 19:40:43 : INFO] - Cache for multiple term taxonomy have been purged due to post terms update, triggered by action: set_object_terms 
[2025-03-17 19:40:43 : INFO] - Cache for URL: http://eugenioazurmendi.local/?p=189 has been purged, triggered by action: save_post 
[2025-03-17 19:40:43 : INFO] - Cache for previous post (with URL: http://eugenioazurmendi.local/berta/) adjacent to post with id: 189 has been purged, triggered by action: save_post 
[2025-03-17 19:40:43 : INFO] - Cache for all archives page associated with post_type: post and Title: "Mi web" have been purged, triggered by action: save_post 
[2025-03-17 19:40:45 : INFO] - Cache for multiple term taxonomy have been purged due to post terms update, triggered by action: set_object_terms 
[2025-03-17 19:40:45 : INFO] - Cache for multiple term taxonomy have been purged due to post terms update, triggered by action: set_object_terms 
[2025-03-17 19:40:45 : INFO] - Cache for multiple term taxonomy have been purged due to post terms update, triggered by action: set_object_terms 
[2025-03-17 19:40:45 : INFO] - Cache for multiple term taxonomy have been purged due to post terms update, triggered by action: set_object_terms 
[2025-03-17 19:40:45 : INFO] - Cache for URL: http://eugenioazurmendi.local/?p=194 has been purged, triggered by action: save_post 
[2025-03-17 19:40:45 : INFO] - Cache for previous post (with URL: http://eugenioazurmendi.local/berta/) adjacent to post with id: 194 has been purged, triggered by action: save_post 
[2025-03-17 19:40:45 : INFO] - Cache for all archives page associated with post_type: post and Title: "Berta #2" have been purged, triggered by action: save_post 
[2025-03-17 19:40:45 : INFO] - Cache for multiple term taxonomy have been purged due to post terms update, triggered by action: set_object_terms 
[2025-03-17 19:40:45 : INFO] - Cache for multiple term taxonomy have been purged due to post terms update, triggered by action: set_object_terms 
[2025-03-17 20:04:29 : INFO] - Cache for multiple term taxonomy have been purged due to post terms update, triggered by action: set_object_terms 
[2025-03-17 20:04:29 : INFO] - Cache for URL: http://eugenioazurmendi.local/?p=194 has been purged, triggered by action: save_post 
[2025-03-17 20:04:29 : INFO] - Cache for previous post (with URL: http://eugenioazurmendi.local/berta/) adjacent to post with id: 194 has been purged, triggered by action: save_post 
[2025-03-17 20:04:29 : INFO] - Cache for all archives page associated with post_type: post and Title: "mi Web" have been purged, triggered by action: save_post 
[2025-03-17 20:04:29 : INFO] - Cache for multiple term taxonomy have been purged due to post terms update, triggered by action: set_object_terms 
[2025-03-17 20:04:29 : INFO] - Cache for URL: http://eugenioazurmendi.local/?p=194 has been purged, triggered by action: save_post 
[2025-03-17 20:04:29 : INFO] - Cache for previous post (with URL: http://eugenioazurmendi.local/berta/) adjacent to post with id: 194 has been purged, triggered by action: save_post 
[2025-03-17 20:04:29 : INFO] - Cache for all archives page associated with post_type: post and Title: "mi Web" have been purged, triggered by action: save_post 
[2025-03-17 20:04:34 : INFO] - Cache for multiple term taxonomy have been purged due to post terms update, triggered by action: set_object_terms 
[2025-03-17 20:04:34 : INFO] - Cache for URL: http://eugenioazurmendi.local/mi-web/ has been purged, triggered by action: save_post 
[2025-03-17 20:04:34 : INFO] - Cache for previous post (with URL: http://eugenioazurmendi.local/berta/) adjacent to post with id: 194 has been purged, triggered by action: save_post 
[2025-03-17 20:04:34 : INFO] - Cache for all archives page associated with post_type: post and Title: "mi Web" have been purged, triggered by action: save_post 
[2025-03-17 20:04:34 : INFO] - Cache for multiple term taxonomy have been purged due to post terms update, triggered by action: set_object_terms 
[2025-03-17 20:04:34 : INFO] - Cache for URL: http://eugenioazurmendi.local/mi-web/ has been purged, triggered by action: save_post 
[2025-03-17 20:04:34 : INFO] - Cache for previous post (with URL: http://eugenioazurmendi.local/berta/) adjacent to post with id: 194 has been purged, triggered by action: save_post 
[2025-03-17 20:04:34 : INFO] - Cache for all archives page associated with post_type: post and Title: "mi Web" have been purged, triggered by action: save_post 
[2025-03-17 20:05:06 : INFO] - Cache for URL: http://eugenioazurmendi.local/laboratorio/ has been purged, triggered by action: save_post 
[2025-03-17 20:06:19 : INFO] - Cache for URL: http://eugenioazurmendi.local/laboratorio/ has been purged, triggered by action: save_post 
[2025-03-17 20:06:19 : INFO] - Cache for URL: http://eugenioazurmendi.local/laboratorio/ has been purged, triggered by action: save_post 
[2025-03-17 20:29:38 : INFO] - Cache for multiple term taxonomy have been purged due to post terms update, triggered by action: set_object_terms 
[2025-03-17 20:29:38 : INFO] - Cache for URL: http://eugenioazurmendi.local/mi-web/ has been purged, triggered by action: save_post 
[2025-03-17 20:29:38 : INFO] - Cache for previous post (with URL: http://eugenioazurmendi.local/berta/) adjacent to post with id: 194 has been purged, triggered by action: save_post 
[2025-03-17 20:29:38 : INFO] - Cache for all archives page associated with post_type: post and Title: "mi Web" have been purged, triggered by action: save_post 
[2025-03-17 20:29:38 : INFO] - Cache for multiple term taxonomy have been purged due to post terms update, triggered by action: set_object_terms 
[2025-03-17 20:29:38 : INFO] - Cache for URL: http://eugenioazurmendi.local/mi-web/ has been purged, triggered by action: save_post 
[2025-03-17 20:29:38 : INFO] - Cache for previous post (with URL: http://eugenioazurmendi.local/berta/) adjacent to post with id: 194 has been purged, triggered by action: save_post 
[2025-03-17 20:29:38 : INFO] - Cache for all archives page associated with post_type: post and Title: "mi Web" have been purged, triggered by action: save_post 
[2025-03-17 20:31:31 : INFO] - Cache for multiple term taxonomy have been purged due to post terms update, triggered by action: set_object_terms 
[2025-03-17 20:31:31 : INFO] - Cache for URL: http://eugenioazurmendi.local/mi-web/ has been purged, triggered by action: save_post 
[2025-03-17 20:31:31 : INFO] - Cache for previous post (with URL: http://eugenioazurmendi.local/berta/) adjacent to post with id: 194 has been purged, triggered by action: save_post 
[2025-03-17 20:31:31 : INFO] - Cache for all archives page associated with post_type: post and Title: "mi Web" have been purged, triggered by action: save_post 
[2025-03-17 20:31:31 : INFO] - Cache for multiple term taxonomy have been purged due to post terms update, triggered by action: set_object_terms 
[2025-03-17 20:31:31 : INFO] - Cache for URL: http://eugenioazurmendi.local/mi-web/ has been purged, triggered by action: save_post 
[2025-03-17 20:31:31 : INFO] - Cache for previous post (with URL: http://eugenioazurmendi.local/berta/) adjacent to post with id: 194 has been purged, triggered by action: save_post 
[2025-03-17 20:31:31 : INFO] - Cache for all archives page associated with post_type: post and Title: "mi Web" have been purged, triggered by action: save_post 
[2025-03-17 20:32:15 : INFO] - Cache for multiple term taxonomy have been purged due to post terms update, triggered by action: set_object_terms 
[2025-03-17 20:32:15 : INFO] - Cache for URL: http://eugenioazurmendi.local/mi-web/ has been purged, triggered by action: save_post 
[2025-03-17 20:32:15 : INFO] - Cache for previous post (with URL: http://eugenioazurmendi.local/berta/) adjacent to post with id: 194 has been purged, triggered by action: save_post 
[2025-03-17 20:32:15 : INFO] - Cache for all archives page associated with post_type: post and Title: "mi Web" have been purged, triggered by action: save_post 
[2025-03-17 20:32:15 : INFO] - Cache for multiple term taxonomy have been purged due to post terms update, triggered by action: set_object_terms 
[2025-03-17 20:32:15 : INFO] - Cache for multiple term taxonomy have been purged due to post terms update, triggered by action: set_object_terms 
[2025-03-17 20:32:15 : INFO] - Cache for multiple term taxonomy have been purged due to post terms update, triggered by action: set_object_terms 
[2025-03-17 20:32:15 : INFO] - Cache for URL: http://eugenioazurmendi.local/mi-web/ has been purged, triggered by action: save_post 
[2025-03-17 20:32:15 : INFO] - Cache for previous post (with URL: http://eugenioazurmendi.local/berta/) adjacent to post with id: 194 has been purged, triggered by action: save_post 
[2025-03-17 20:32:15 : INFO] - Cache for all archives page associated with post_type: post and Title: "mi Web" have been purged, triggered by action: save_post 
[2025-03-17 20:32:20 : INFO] - Cache for multiple term taxonomy have been purged due to post terms update, triggered by action: set_object_terms 
[2025-03-17 20:32:20 : INFO] - Cache for URL: http://eugenioazurmendi.local/mi-web/ has been purged, triggered by action: save_post 
[2025-03-17 20:32:20 : INFO] - Cache for previous post (with URL: http://eugenioazurmendi.local/berta/) adjacent to post with id: 194 has been purged, triggered by action: save_post 
[2025-03-17 20:32:20 : INFO] - Cache for all archives page associated with post_type: post and Title: "mi Web" have been purged, triggered by action: save_post 
[2025-03-17 20:32:20 : INFO] - Cache for multiple term taxonomy have been purged due to post terms update, triggered by action: set_object_terms 
[2025-03-17 20:32:20 : INFO] - Cache for URL: http://eugenioazurmendi.local/mi-web/ has been purged, triggered by action: save_post 
[2025-03-17 20:32:20 : INFO] - Cache for previous post (with URL: http://eugenioazurmendi.local/berta/) adjacent to post with id: 194 has been purged, triggered by action: save_post 
[2025-03-17 20:32:20 : INFO] - Cache for all archives page associated with post_type: post and Title: "mi Web" have been purged, triggered by action: save_post 
[2025-03-18 02:36:39 : INFO] - Cache for multiple term taxonomy have been purged due to post terms update, triggered by action: set_object_terms 
[2025-03-18 02:36:39 : INFO] - Cache for multiple term taxonomy have been purged due to post terms update, triggered by action: set_object_terms 
[2025-03-18 02:36:39 : INFO] - Cache for URL: http://eugenioazurmendi.local/berta/ has been purged, triggered by action: save_post 
[2025-03-18 02:36:39 : INFO] - Cache for next post (with URL: http://eugenioazurmendi.local/mi-web/) adjacent to post with id: 154 has been purged, triggered by action: save_post 
[2025-03-18 02:36:39 : INFO] - Cache for all archives page associated with post_type: post and Title: "Berta" have been purged, triggered by action: save_post 
[2025-03-18 02:36:52 : INFO] - Cache for term page with URL: http://eugenioazurmendi.local/category/sudamerica/  have been purged, triggered by action: edit_terms 
[2025-03-18 02:37:27 : INFO] - Cache for URL: http://eugenioazurmendi.local/bitacora/ has been purged, triggered by action: save_post 
[2025-03-18 02:37:27 : INFO] - Cache for URL: http://eugenioazurmendi.local/bitacora/ has been purged, triggered by action: save_post 
[2025-03-18 02:38:54 : INFO] - Cache for URL: http://eugenioazurmendi.local/laboratorio/ has been purged, triggered by action: save_post 
[2025-03-18 02:39:33 : INFO] - Cache for URL: http://eugenioazurmendi.local/laboratorio/ has been purged, triggered by action: save_post 
[2025-03-18 02:47:58 : INFO] - Cache for URL: http://eugenioazurmendi.local/hola/ has been purged, triggered by action: save_post 
[2025-03-18 02:48:19 : INFO] - Cache for URL: http://eugenioazurmendi.local/hola/ has been purged, triggered by action: save_post 
[2025-03-18 02:48:38 : INFO] - Cache for URL: http://eugenioazurmendi.local/hola/ has been purged, triggered by action: save_post 
[2025-03-18 02:49:57 : INFO] - Cache for URL: http://eugenioazurmendi.local/hola/ has been purged, triggered by action: save_post 
[2025-03-18 02:50:21 : INFO] - Cache for URL: http://eugenioazurmendi.local/laboratorio/ has been purged, triggered by action: save_post 
[2025-03-18 02:50:41 : INFO] - Cache for URL: http://eugenioazurmendi.local/tal/ has been purged, triggered by action: save_post 
[2025-03-18 02:50:56 : INFO] - Cache for URL: http://eugenioazurmendi.local/taller/ has been purged, triggered by action: save_post 
[2025-03-18 02:51:11 : INFO] - Cache for term page with URL: http://eugenioazurmendi.local/category/laboratorio/  have been purged, triggered by action: edit_terms 
[2025-03-18 02:51:11 : INFO] - Cache for associated posts for term with URL: http://eugenioazurmendi.local/category/laboratorio/ have been purged, triggered by action: edit_terms 
[2025-03-18 02:54:37 : INFO] - Cache for URL: http://eugenioazurmendi.local/hola/ has been purged, triggered by action: save_post 
[2025-03-18 02:55:28 : INFO] - Cache for URL: http://eugenioazurmendi.local/hola/ has been purged, triggered by action: save_post 
[2025-03-18 02:55:51 : INFO] - Cache for URL: http://eugenioazurmendi.local/?page_id=221 has been purged, triggered by action: save_post 
[2025-03-18 02:56:24 : INFO] - Cache for URL: http://eugenioazurmendi.local/?page_id=221 has been purged, triggered by action: save_post 
[2025-03-18 02:56:24 : INFO] - Cache for URL: http://eugenioazurmendi.local/?page_id=221 has been purged, triggered by action: save_post 
[2025-03-18 02:56:33 : INFO] - Cache for URL: http://eugenioazurmendi.local/redes/ has been purged, triggered by action: save_post 
[2025-03-18 02:56:33 : INFO] - Cache for URL: http://eugenioazurmendi.local/redes/ has been purged, triggered by action: save_post 
[2025-03-18 02:57:30 : INFO] - Cache for URL: http://eugenioazurmendi.local/redes/ has been purged, triggered by action: save_post 
[2025-03-18 02:57:30 : INFO] - Cache for URL: http://eugenioazurmendi.local/redes/ has been purged, triggered by action: save_post 
[2025-03-18 02:59:50 : INFO] - Cache for URL: http://eugenioazurmendi.local/redes/ has been purged, triggered by action: save_post 
[2025-03-18 02:59:51 : INFO] - Cache for URL: http://eugenioazurmendi.local/redes/ has been purged, triggered by action: save_post 
[2025-03-18 02:59:53 : INFO] - Cache for URL: http://eugenioazurmendi.local/redes/ has been purged, triggered by action: save_post 
[2025-03-18 02:59:53 : INFO] - Cache for URL: http://eugenioazurmendi.local/redes/ has been purged, triggered by action: save_post 
[2025-03-18 03:00:03 : INFO] - Cache for URL: http://eugenioazurmendi.local/redes/ has been purged, triggered by action: save_post 
[2025-03-18 03:00:03 : INFO] - Cache for URL: http://eugenioazurmendi.local/redes/ has been purged, triggered by action: save_post 
[2025-03-18 03:02:17 : INFO] - Cache for URL: http://eugenioazurmendi.local/redes/ has been purged, triggered by action: save_post 
[2025-03-18 03:02:17 : INFO] - Cache for URL: http://eugenioazurmendi.local/redes/ has been purged, triggered by action: save_post 
[2025-03-18 03:02:54 : INFO] - Cache for URL: http://eugenioazurmendi.local/redes/ has been purged, triggered by action: save_post 
[2025-03-18 03:02:54 : INFO] - Cache for URL: http://eugenioazurmendi.local/redes/ has been purged, triggered by action: save_post 
[2025-03-18 03:05:11 : INFO] - Cache for URL: http://eugenioazurmendi.local/redes/ has been purged, triggered by action: save_post 
[2025-03-18 03:05:11 : INFO] - Cache for URL: http://eugenioazurmendi.local/redes/ has been purged, triggered by action: save_post 
[2025-03-18 03:05:38 : INFO] - Cache for URL: http://eugenioazurmendi.local/hola/ has been purged, triggered by action: save_post 
[2025-03-18 03:05:55 : INFO] - Cache for URL: http://eugenioazurmendi.local/hola/ has been purged, triggered by action: save_post 
[2025-03-18 03:06:38 : INFO] - Cache for URL: http://eugenioazurmendi.local/redes/ has been purged, triggered by action: save_post 
[2025-03-18 03:06:38 : INFO] - Cache for URL: http://eugenioazurmendi.local/redes/ has been purged, triggered by action: save_post 
[2025-03-18 03:07:04 : INFO] - Cache for URL: http://eugenioazurmendi.local/redes/ has been purged, triggered by action: save_post 
[2025-03-18 03:07:04 : INFO] - Cache for URL: http://eugenioazurmendi.local/redes/ has been purged, triggered by action: save_post 
[2025-03-18 03:08:11 : INFO] - Cache for URL: http://eugenioazurmendi.local/hola/ has been purged, triggered by action: save_post 
[2025-03-18 03:08:16 : INFO] - Cache for URL: http://eugenioazurmendi.local/?page_id=236 has been purged, triggered by action: save_post 
[2025-03-18 03:22:30 : INFO] - Cache for URL: http://eugenioazurmendi.local/hola/ has been purged, triggered by action: save_post 
[2025-03-18 03:22:30 : INFO] - Cache for URL: http://eugenioazurmendi.local/hola/ has been purged, triggered by action: save_post 
[2025-03-18 20:04:18 : INFO] - Cache for URL: http://eugenioazurmendi.local/?page_id=239 has been purged, triggered by action: save_post 
[2025-03-18 20:04:43 : INFO] - Cache for URL: http://eugenioazurmendi.local/?page_id=239 has been purged, triggered by action: save_post 
[2025-03-18 20:04:47 : INFO] - Cache for URL: http://eugenioazurmendi.local/?page_id=242 has been purged, triggered by action: save_post 
[2025-03-18 20:05:31 : INFO] - Cache for URL: http://eugenioazurmendi.local/?page_id=242 has been purged, triggered by action: save_post 
[2025-03-18 20:05:31 : INFO] - Cache for URL: http://eugenioazurmendi.local/?page_id=242 has been purged, triggered by action: save_post 
[2025-03-18 20:05:35 : INFO] - Cache for URL: http://eugenioazurmendi.local/combinador-de-maps/ has been purged, triggered by action: save_post 
[2025-03-18 20:05:35 : INFO] - Cache for URL: http://eugenioazurmendi.local/combinador-de-maps/ has been purged, triggered by action: save_post 
[2025-03-18 20:06:00 : INFO] - Cache for URL: http://eugenioazurmendi.local/?page_id=239 has been purged, triggered by action: wp_trash_post 
[2025-03-18 20:06:00 : INFO] - Cache for URL: http://eugenioazurmendi.local/?page_id=239 has been purged, triggered by action: save_post 
[2025-03-18 20:06:13 : INFO] - Cache for URL: http://eugenioazurmendi.local/taller/combinador-de-maps/ has been purged, triggered by action: save_post 
[2025-03-18 20:07:19 : INFO] - Cache for multiple term taxonomy have been purged due to post terms update, triggered by action: set_object_terms 
[2025-03-18 20:07:19 : INFO] - Cache for URL: http://eugenioazurmendi.local/mi-web/ has been purged, triggered by action: save_post 
[2025-03-18 20:07:19 : INFO] - Cache for previous post (with URL: http://eugenioazurmendi.local/berta/) adjacent to post with id: 194 has been purged, triggered by action: save_post 
[2025-03-18 20:07:19 : INFO] - Cache for all archives page associated with post_type: post and Title: "mi Web" have been purged, triggered by action: save_post 
[2025-03-18 20:07:19 : INFO] - Cache for multiple term taxonomy have been purged due to post terms update, triggered by action: set_object_terms 
[2025-03-18 20:07:19 : INFO] - Cache for URL: http://eugenioazurmendi.local/mi-web/ has been purged, triggered by action: save_post 
[2025-03-18 20:07:19 : INFO] - Cache for previous post (with URL: http://eugenioazurmendi.local/berta/) adjacent to post with id: 194 has been purged, triggered by action: save_post 
[2025-03-18 20:07:19 : INFO] - Cache for all archives page associated with post_type: post and Title: "mi Web" have been purged, triggered by action: save_post 
[2025-03-18 20:07:59 : INFO] - Cache for multiple term taxonomy have been purged due to post terms update, triggered by action: set_object_terms 
[2025-03-18 20:07:59 : INFO] - Cache for URL: http://eugenioazurmendi.local/berta/ has been purged, triggered by action: save_post 
[2025-03-18 20:07:59 : INFO] - Cache for next post (with URL: http://eugenioazurmendi.local/mi-web/) adjacent to post with id: 154 has been purged, triggered by action: save_post 
[2025-03-18 20:07:59 : INFO] - Cache for all archives page associated with post_type: post and Title: "Berta" have been purged, triggered by action: save_post 
[2025-03-18 20:07:59 : INFO] - Cache for multiple term taxonomy have been purged due to post terms update, triggered by action: set_object_terms 
[2025-03-18 20:07:59 : INFO] - Cache for URL: http://eugenioazurmendi.local/berta/ has been purged, triggered by action: save_post 
[2025-03-18 20:07:59 : INFO] - Cache for next post (with URL: http://eugenioazurmendi.local/mi-web/) adjacent to post with id: 154 has been purged, triggered by action: save_post 
[2025-03-18 20:07:59 : INFO] - Cache for all archives page associated with post_type: post and Title: "Berta" have been purged, triggered by action: save_post 
[2025-03-18 20:08:24 : INFO] - Cache for URL: http://eugenioazurmendi.local/?p=244 has been purged, triggered by action: save_post 
[2025-03-18 20:08:24 : INFO] - Cache for previous post (with URL: http://eugenioazurmendi.local/mi-web/) adjacent to post with id: 244 has been purged, triggered by action: save_post 
[2025-03-18 20:08:24 : INFO] - Cache for all archives page associated with post_type: post and Title: "Borrador automático" have been purged, triggered by action: save_post 
[2025-03-18 20:08:58 : INFO] - Cache for URL: http://eugenioazurmendi.local/taller/combinador-de-maps/ has been purged, triggered by action: wp_trash_post 
[2025-03-18 20:08:58 : INFO] - Cache for URL: http://eugenioazurmendi.local/?page_id=242 has been purged, triggered by action: save_post 
[2025-03-18 20:09:00 : INFO] - Cache for URL: http://eugenioazurmendi.local/?p=245 has been purged, triggered by action: save_post 
[2025-03-18 20:09:00 : INFO] - Cache for previous post (with URL: http://eugenioazurmendi.local/mi-web/) adjacent to post with id: 245 has been purged, triggered by action: save_post 
[2025-03-18 20:09:00 : INFO] - Cache for all archives page associated with post_type: post and Title: "Borrador automático" have been purged, triggered by action: save_post 
[2025-03-18 20:09:17 : INFO] - Cache for multiple term taxonomy have been purged due to post terms update, triggered by action: set_object_terms 
[2025-03-18 20:09:17 : INFO] - Cache for URL: http://eugenioazurmendi.local/?p=245 has been purged, triggered by action: save_post 
[2025-03-18 20:09:17 : INFO] - Cache for previous post (with URL: http://eugenioazurmendi.local/mi-web/) adjacent to post with id: 245 has been purged, triggered by action: save_post 
[2025-03-18 20:09:17 : INFO] - Cache for all archives page associated with post_type: post and Title: "Combinador de links de Google Maps" have been purged, triggered by action: save_post 
[2025-03-18 20:09:17 : INFO] - Cache for multiple term taxonomy have been purged due to post terms update, triggered by action: set_object_terms 
[2025-03-18 20:09:17 : INFO] - Cache for URL: http://eugenioazurmendi.local/?p=245 has been purged, triggered by action: save_post 
[2025-03-18 20:09:17 : INFO] - Cache for previous post (with URL: http://eugenioazurmendi.local/mi-web/) adjacent to post with id: 245 has been purged, triggered by action: save_post 
[2025-03-18 20:09:17 : INFO] - Cache for all archives page associated with post_type: post and Title: "Combinador de links de Google Maps" have been purged, triggered by action: save_post 
[2025-03-18 20:10:04 : INFO] - Cache for multiple term taxonomy have been purged due to post terms update, triggered by action: set_object_terms 
[2025-03-18 20:10:04 : INFO] - Cache for URL: http://eugenioazurmendi.local/combinador-de-links-de-google-maps/ has been purged, triggered by action: save_post 
[2025-03-18 20:10:04 : INFO] - Cache for previous post (with URL: http://eugenioazurmendi.local/mi-web/) adjacent to post with id: 245 has been purged, triggered by action: save_post 
[2025-03-18 20:10:04 : INFO] - Cache for all archives page associated with post_type: post and Title: "Combinador de links de Google Maps" have been purged, triggered by action: save_post 
[2025-03-18 20:10:04 : INFO] - Cache for multiple term taxonomy have been purged due to post terms update, triggered by action: set_object_terms 
[2025-03-18 20:10:04 : INFO] - Cache for multiple term taxonomy have been purged due to post terms update, triggered by action: set_object_terms 
[2025-03-18 20:10:04 : INFO] - Cache for multiple term taxonomy have been purged due to post terms update, triggered by action: set_object_terms 
[2025-03-18 20:10:04 : INFO] - Cache for URL: http://eugenioazurmendi.local/combinador-de-links-de-google-maps/ has been purged, triggered by action: save_post 
[2025-03-18 20:10:04 : INFO] - Cache for previous post (with URL: http://eugenioazurmendi.local/mi-web/) adjacent to post with id: 245 has been purged, triggered by action: save_post 
[2025-03-18 20:10:04 : INFO] - Cache for all archives page associated with post_type: post and Title: "Combinador de links de Google Maps" have been purged, triggered by action: save_post 
[2025-03-18 20:10:27 : INFO] - Cache for multiple term taxonomy have been purged due to post terms update, triggered by action: set_object_terms 
[2025-03-18 20:10:27 : INFO] - Cache for URL: http://eugenioazurmendi.local/combinador-de-links-de-google-maps/ has been purged, triggered by action: save_post 
[2025-03-18 20:10:27 : INFO] - Cache for previous post (with URL: http://eugenioazurmendi.local/mi-web/) adjacent to post with id: 245 has been purged, triggered by action: save_post 
[2025-03-18 20:10:27 : INFO] - Cache for all archives page associated with post_type: post and Title: "Combinador de links de Google Maps" have been purged, triggered by action: save_post 
[2025-03-18 20:10:27 : INFO] - Cache for multiple term taxonomy have been purged due to post terms update, triggered by action: set_object_terms 
[2025-03-18 20:10:27 : INFO] - Cache for URL: http://eugenioazurmendi.local/combinador-de-links-de-google-maps/ has been purged, triggered by action: save_post 
[2025-03-18 20:10:27 : INFO] - Cache for previous post (with URL: http://eugenioazurmendi.local/mi-web/) adjacent to post with id: 245 has been purged, triggered by action: save_post 
[2025-03-18 20:10:27 : INFO] - Cache for all archives page associated with post_type: post and Title: "Combinador de links de Google Maps" have been purged, triggered by action: save_post 
[2025-03-22 18:23:30 : INFO] - Cache for URL: http://eugenioazurmendi.local/hola/ has been purged, triggered by action: save_post 
[2025-03-22 18:23:30 : INFO] - Cache for URL: http://eugenioazurmendi.local/hola/ has been purged, triggered by action: save_post 
[2025-03-22 18:24:12 : INFO] - Cache for URL: http://eugenioazurmendi.local/combinador-de-links-de-google-maps/ has been purged, triggered by action: wp_trash_post 
[2025-03-22 18:24:12 : INFO] - Cache for multiple term taxonomy have been purged due to post terms update, triggered by action: set_object_terms 
[2025-03-22 18:24:12 : INFO] - Cache for URL: http://eugenioazurmendi.local/?p=245 has been purged, triggered by action: save_post 
[2025-03-22 18:24:12 : INFO] - Cache for previous post (with URL: http://eugenioazurmendi.local/mi-web/) adjacent to post with id: 245 has been purged, triggered by action: save_post 
[2025-03-22 18:24:12 : INFO] - Cache for all archives page associated with post_type: post and Title: "Combinador de links de Google Maps" have been purged, triggered by action: save_post 
[2025-03-22 18:24:32 : INFO] - Cache for URL: http://eugenioazurmendi.local/taller/ has been purged, triggered by action: save_post 
[2025-03-22 18:24:32 : INFO] - Cache for URL: http://eugenioazurmendi.local/taller/ has been purged, triggered by action: save_post 
[2025-03-22 18:24:57 : INFO] - Cache for URL: http://eugenioazurmendi.local/bitacora/ has been purged, triggered by action: save_post 
[2025-03-22 18:24:57 : INFO] - Cache for URL: http://eugenioazurmendi.local/bitacora/ has been purged, triggered by action: save_post 
[2025-03-22 19:08:10 : INFO] - Cache for multiple term taxonomy have been purged due to post terms update, triggered by action: set_object_terms 
[2025-03-22 19:08:10 : INFO] - Cache for URL: http://eugenioazurmendi.local/berta/ has been purged, triggered by action: save_post 
[2025-03-22 19:08:10 : INFO] - Cache for next post (with URL: http://eugenioazurmendi.local/mi-web/) adjacent to post with id: 154 has been purged, triggered by action: save_post 
[2025-03-22 19:08:10 : INFO] - Cache for all archives page associated with post_type: post and Title: "Berta" have been purged, triggered by action: save_post 
[2025-03-22 19:08:10 : INFO] - Cache for multiple term taxonomy have been purged due to post terms update, triggered by action: set_object_terms 
[2025-03-22 19:08:10 : INFO] - Cache for URL: http://eugenioazurmendi.local/berta/ has been purged, triggered by action: save_post 
[2025-03-22 19:08:10 : INFO] - Cache for next post (with URL: http://eugenioazurmendi.local/mi-web/) adjacent to post with id: 154 has been purged, triggered by action: save_post 
[2025-03-22 19:08:10 : INFO] - Cache for all archives page associated with post_type: post and Title: "Berta" have been purged, triggered by action: save_post 
[2025-03-22 19:19:08 : INFO] - Cache for URL: http://eugenioazurmendi.local/?page_id=254 has been purged, triggered by action: save_post 
[2025-03-22 19:20:19 : INFO] - Cache for URL: http://eugenioazurmendi.local/?page_id=254 has been purged, triggered by action: save_post 
[2025-03-22 19:20:19 : INFO] - Cache for URL: http://eugenioazurmendi.local/?page_id=254 has been purged, triggered by action: save_post 
[2025-03-22 19:20:33 : INFO] - Cache for URL: http://eugenioazurmendi.local/?page_id=254 has been purged, triggered by action: save_post 
[2025-03-22 19:20:44 : INFO] - Cache for URL: http://eugenioazurmendi.local/?page_id=254 has been purged, triggered by action: save_post 
[2025-03-22 19:20:44 : INFO] - Cache for URL: http://eugenioazurmendi.local/?page_id=254 has been purged, triggered by action: save_post 
[2025-03-22 19:21:03 : INFO] - Cache for URL: http://eugenioazurmendi.local/?page_id=254 has been purged, triggered by action: save_post 
[2025-03-22 19:21:03 : INFO] - Cache for URL: http://eugenioazurmendi.local/?page_id=254 has been purged, triggered by action: save_post 
[2025-03-22 19:21:18 : INFO] - Cache for URL: http://eugenioazurmendi.local/?page_id=254 has been purged, triggered by action: save_post 
[2025-03-22 19:21:18 : INFO] - Cache for URL: http://eugenioazurmendi.local/?page_id=254 has been purged, triggered by action: save_post 
[2025-03-22 19:21:45 : INFO] - Cache for URL: http://eugenioazurmendi.local/?page_id=259 has been purged, triggered by action: save_post 
[2025-03-22 19:22:01 : INFO] - Cache for URL: http://eugenioazurmendi.local/?page_id=259 has been purged, triggered by action: wp_trash_post 
[2025-03-22 19:22:01 : INFO] - Cache for URL: http://eugenioazurmendi.local/?page_id=259 has been purged, triggered by action: save_post 
[2025-03-22 19:22:26 : INFO] - Cache for URL: http://eugenioazurmendi.local/?page_id=261 has been purged, triggered by action: save_post 
[2025-03-22 19:22:41 : INFO] - Cache for URL: http://eugenioazurmendi.local/?page_id=261 has been purged, triggered by action: save_post 
[2025-03-22 19:22:47 : INFO] - Cache for URL: http://eugenioazurmendi.local/?page_id=261 has been purged, triggered by action: save_post 
[2025-03-22 19:22:47 : INFO] - Cache for URL: http://eugenioazurmendi.local/?page_id=261 has been purged, triggered by action: save_post 
[2025-03-22 19:22:55 : INFO] - Cache for URL: http://eugenioazurmendi.local/social/ has been purged, triggered by action: save_post 
[2025-03-22 19:22:55 : INFO] - Cache for URL: http://eugenioazurmendi.local/social/ has been purged, triggered by action: save_post 
[2025-03-22 19:23:12 : INFO] - Cache for URL: http://eugenioazurmendi.local/?page_id=254 has been purged, triggered by action: save_post 
[2025-03-22 19:23:15 : INFO] - Cache for URL: http://eugenioazurmendi.local/hello/ has been purged, triggered by action: save_post 
[2025-03-22 19:23:15 : INFO] - Cache for URL: http://eugenioazurmendi.local/hello/ has been purged, triggered by action: save_post 
[2025-03-22 19:23:27 : INFO] - Cache for URL: http://eugenioazurmendi.local/?page_id=265 has been purged, triggered by action: save_post 
[2025-03-22 19:23:43 : INFO] - Cache for URL: http://eugenioazurmendi.local/?page_id=265 has been purged, triggered by action: save_post 
[2025-03-22 19:23:43 : INFO] - Cache for URL: http://eugenioazurmendi.local/?page_id=265 has been purged, triggered by action: save_post 
[2025-03-22 19:23:50 : INFO] - Cache for URL: http://eugenioazurmendi.local/?page_id=265 has been purged, triggered by action: save_post 
[2025-03-22 19:23:50 : INFO] - Cache for URL: http://eugenioazurmendi.local/?page_id=265 has been purged, triggered by action: save_post 
[2025-03-22 19:24:16 : INFO] - Cache for URL: http://eugenioazurmendi.local/?page_id=268 has been purged, triggered by action: save_post 
[2025-03-22 19:24:35 : INFO] - Cache for URL: http://eugenioazurmendi.local/?page_id=268 has been purged, triggered by action: save_post 
[2025-03-22 19:24:35 : INFO] - Cache for URL: http://eugenioazurmendi.local/?page_id=268 has been purged, triggered by action: save_post 
[2025-03-22 19:24:42 : INFO] - Cache for URL: http://eugenioazurmendi.local/?page_id=268 has been purged, triggered by action: save_post 
[2025-03-22 19:24:42 : INFO] - Cache for URL: http://eugenioazurmendi.local/?page_id=268 has been purged, triggered by action: save_post 
[2025-03-22 19:25:40 : INFO] - Cache for multiple term taxonomy have been purged due to post terms update, triggered by action: set_object_terms 
[2025-03-22 19:25:40 : INFO] - Cache for multiple term taxonomy have been purged due to post terms update, triggered by action: set_object_terms 
[2025-03-22 19:25:40 : INFO] - Cache for URL: http://eugenioazurmendi.local/?p=271 has been purged, triggered by action: save_post 
[2025-03-22 19:25:40 : INFO] - Cache for previous post (with URL: http://eugenioazurmendi.local/mi-web/) adjacent to post with id: 271 has been purged, triggered by action: save_post 
[2025-03-22 19:25:40 : INFO] - Cache for all archives page associated with post_type: post and Title: "Copia sin nombre" have been purged, triggered by action: save_post 
[2025-03-22 19:25:40 : INFO] - Cache for multiple term taxonomy have been purged due to post terms update, triggered by action: set_object_terms 
[2025-03-22 19:32:52 : INFO] - Cache for multiple term taxonomy have been purged due to post terms update, triggered by action: set_object_terms 
[2025-03-22 19:32:52 : INFO] - Cache for URL: http://eugenioazurmendi.local/?p=271 has been purged, triggered by action: save_post 
[2025-03-22 19:32:52 : INFO] - Cache for previous post (with URL: http://eugenioazurmendi.local/mi-web/) adjacent to post with id: 271 has been purged, triggered by action: save_post 
[2025-03-22 19:32:52 : INFO] - Cache for all archives page associated with post_type: post and Title: "My Web" have been purged, triggered by action: save_post 
[2025-03-22 19:32:52 : INFO] - Cache for multiple term taxonomy have been purged due to post terms update, triggered by action: set_object_terms 
[2025-03-22 19:32:52 : INFO] - Cache for URL: http://eugenioazurmendi.local/?p=271 has been purged, triggered by action: save_post 
[2025-03-22 19:32:52 : INFO] - Cache for previous post (with URL: http://eugenioazurmendi.local/mi-web/) adjacent to post with id: 271 has been purged, triggered by action: save_post 
[2025-03-22 19:32:52 : INFO] - Cache for all archives page associated with post_type: post and Title: "My Web" have been purged, triggered by action: save_post 
[2025-03-22 19:32:58 : INFO] - Cache for multiple term taxonomy have been purged due to post terms update, triggered by action: set_object_terms 
[2025-03-22 19:32:58 : INFO] - Cache for URL: http://eugenioazurmendi.local/my-web/ has been purged, triggered by action: save_post 
[2025-03-22 19:32:58 : INFO] - Cache for previous post (with URL: http://eugenioazurmendi.local/mi-web/) adjacent to post with id: 271 has been purged, triggered by action: save_post 
[2025-03-22 19:32:58 : INFO] - Cache for all archives page associated with post_type: post and Title: "My Web" have been purged, triggered by action: save_post 
[2025-03-22 19:32:58 : INFO] - Cache for multiple term taxonomy have been purged due to post terms update, triggered by action: set_object_terms 
[2025-03-22 19:32:58 : INFO] - Cache for URL: http://eugenioazurmendi.local/my-web/ has been purged, triggered by action: save_post 
[2025-03-22 19:32:58 : INFO] - Cache for previous post (with URL: http://eugenioazurmendi.local/mi-web/) adjacent to post with id: 271 has been purged, triggered by action: save_post 
[2025-03-22 19:32:58 : INFO] - Cache for all archives page associated with post_type: post and Title: "My Web" have been purged, triggered by action: save_post 
[2025-03-22 19:34:08 : INFO] - Cache for multiple term taxonomy have been purged due to post terms update, triggered by action: set_object_terms 
[2025-03-22 19:34:08 : INFO] - Cache for URL: http://eugenioazurmendi.local/my-web/ has been purged, triggered by action: save_post 
[2025-03-22 19:34:08 : INFO] - Cache for previous post (with URL: http://eugenioazurmendi.local/mi-web/) adjacent to post with id: 271 has been purged, triggered by action: save_post 
[2025-03-22 19:34:08 : INFO] - Cache for all archives page associated with post_type: post and Title: "My Web" have been purged, triggered by action: save_post 
[2025-03-22 19:34:08 : INFO] - Cache for multiple term taxonomy have been purged due to post terms update, triggered by action: set_object_terms 
[2025-03-22 19:34:08 : INFO] - Cache for multiple term taxonomy have been purged due to post terms update, triggered by action: set_object_terms 
[2025-03-22 19:34:08 : INFO] - Cache for multiple term taxonomy have been purged due to post terms update, triggered by action: set_object_terms 
[2025-03-22 19:34:08 : INFO] - Cache for URL: http://eugenioazurmendi.local/my-web/ has been purged, triggered by action: save_post 
[2025-03-22 19:34:08 : INFO] - Cache for previous post (with URL: http://eugenioazurmendi.local/mi-web/) adjacent to post with id: 271 has been purged, triggered by action: save_post 
[2025-03-22 19:34:08 : INFO] - Cache for all archives page associated with post_type: post and Title: "My Web" have been purged, triggered by action: save_post 
[2025-03-22 19:34:52 : INFO] - Cache for multiple term taxonomy have been purged due to post terms update, triggered by action: set_object_terms 
[2025-03-22 19:34:52 : INFO] - Cache for multiple term taxonomy have been purged due to post terms update, triggered by action: set_object_terms 
[2025-03-22 19:34:52 : INFO] - Cache for URL: http://eugenioazurmendi.local/?p=274 has been purged, triggered by action: save_post 
[2025-03-22 19:34:52 : INFO] - Cache for previous post (with URL: http://eugenioazurmendi.local/my-web/) adjacent to post with id: 274 has been purged, triggered by action: save_post 
[2025-03-22 19:34:52 : INFO] - Cache for all archives page associated with post_type: post and Title: "Copia sin nombre" have been purged, triggered by action: save_post 
[2025-03-22 19:34:52 : INFO] - Cache for multiple term taxonomy have been purged due to post terms update, triggered by action: set_object_terms 
[2025-03-22 19:35:20 : INFO] - Cache for multiple term taxonomy have been purged due to post terms update, triggered by action: set_object_terms 
[2025-03-22 19:35:20 : INFO] - Cache for URL: http://eugenioazurmendi.local/berta-2/ has been purged, triggered by action: save_post 
[2025-03-22 19:35:20 : INFO] - Cache for previous post (with URL: http://eugenioazurmendi.local/my-web/) adjacent to post with id: 274 has been purged, triggered by action: save_post 
[2025-03-22 19:35:20 : INFO] - Cache for all archives page associated with post_type: post and Title: "Berta" have been purged, triggered by action: save_post 
[2025-03-22 19:35:20 : INFO] - Cache for multiple term taxonomy have been purged due to post terms update, triggered by action: set_object_terms 
[2025-03-22 19:35:20 : INFO] - Cache for URL: http://eugenioazurmendi.local/berta-2/ has been purged, triggered by action: save_post 
[2025-03-22 19:35:20 : INFO] - Cache for previous post (with URL: http://eugenioazurmendi.local/my-web/) adjacent to post with id: 274 has been purged, triggered by action: save_post 
[2025-03-22 19:35:20 : INFO] - Cache for all archives page associated with post_type: post and Title: "Berta" have been purged, triggered by action: save_post 
[2025-03-22 19:35:35 : INFO] - Cache for multiple term taxonomy have been purged due to post terms update, triggered by action: set_object_terms 
[2025-03-22 19:35:35 : INFO] - Cache for URL: http://eugenioazurmendi.local/berta-2/ has been purged, triggered by action: save_post 
[2025-03-22 19:35:35 : INFO] - Cache for previous post (with URL: http://eugenioazurmendi.local/my-web/) adjacent to post with id: 274 has been purged, triggered by action: save_post 
[2025-03-22 19:35:35 : INFO] - Cache for all archives page associated with post_type: post and Title: "Berta" have been purged, triggered by action: save_post 
[2025-03-22 19:35:35 : INFO] - Cache for multiple term taxonomy have been purged due to post terms update, triggered by action: set_object_terms 
[2025-03-22 19:35:35 : INFO] - Cache for URL: http://eugenioazurmendi.local/berta-2/ has been purged, triggered by action: save_post 
[2025-03-22 19:35:35 : INFO] - Cache for previous post (with URL: http://eugenioazurmendi.local/my-web/) adjacent to post with id: 274 has been purged, triggered by action: save_post 
[2025-03-22 19:35:35 : INFO] - Cache for all archives page associated with post_type: post and Title: "Berta" have been purged, triggered by action: save_post 
[2025-03-22 19:35:53 : INFO] - Cache for multiple term taxonomy have been purged due to post terms update, triggered by action: set_object_terms 
[2025-03-22 19:35:53 : INFO] - Cache for URL: http://eugenioazurmendi.local/berta-2/ has been purged, triggered by action: save_post 
[2025-03-22 19:35:53 : INFO] - Cache for previous post (with URL: http://eugenioazurmendi.local/my-web/) adjacent to post with id: 274 has been purged, triggered by action: save_post 
[2025-03-22 19:35:53 : INFO] - Cache for all archives page associated with post_type: post and Title: "Berta" have been purged, triggered by action: save_post 
[2025-03-22 19:35:53 : INFO] - Cache for multiple term taxonomy have been purged due to post terms update, triggered by action: set_object_terms 
[2025-03-22 19:35:53 : INFO] - Cache for multiple term taxonomy have been purged due to post terms update, triggered by action: set_object_terms 
[2025-03-22 19:35:53 : INFO] - Cache for multiple term taxonomy have been purged due to post terms update, triggered by action: set_object_terms 
[2025-03-22 19:35:53 : INFO] - Cache for URL: http://eugenioazurmendi.local/berta-2/ has been purged, triggered by action: save_post 
[2025-03-22 19:35:53 : INFO] - Cache for previous post (with URL: http://eugenioazurmendi.local/my-web/) adjacent to post with id: 274 has been purged, triggered by action: save_post 
[2025-03-22 19:35:53 : INFO] - Cache for all archives page associated with post_type: post and Title: "Berta" have been purged, triggered by action: save_post 
[2025-03-22 19:36:25 : INFO] - Cache for URL: http://eugenioazurmendi.local/logbook/ has been purged, triggered by action: save_post 
[2025-03-22 19:36:25 : INFO] - Cache for URL: http://eugenioazurmendi.local/logbook/ has been purged, triggered by action: save_post 
[2025-03-22 19:36:56 : INFO] - Cache for URL: http://eugenioazurmendi.local/?page_id=268 has been purged, triggered by action: save_post 
[2025-03-22 19:36:56 : INFO] - Cache for URL: http://eugenioazurmendi.local/?page_id=268 has been purged, triggered by action: save_post 
[2025-03-22 19:36:59 : INFO] - Cache for URL: http://eugenioazurmendi.local/workshop/ has been purged, triggered by action: save_post 
[2025-03-22 19:36:59 : INFO] - Cache for URL: http://eugenioazurmendi.local/workshop/ has been purged, triggered by action: save_post 
[2025-03-22 19:45:48 : INFO] - Cache for URL: http://eugenioazurmendi.local/hello/ has been purged, triggered by action: save_post 
[2025-03-22 19:55:49 : INFO] - Cache for URL: http://eugenioazurmendi.local/hello/ has been purged, triggered by action: save_post 
[2025-03-22 19:59:16 : INFO] - Cache for URL: http://eugenioazurmendi.local/hello/ has been purged, triggered by action: save_post 
[2025-03-22 19:59:22 : INFO] - Cache for URL: http://eugenioazurmendi.local/hello/ has been purged, triggered by action: save_post 
[2025-03-22 19:59:51 : INFO] - Cache for URL: http://eugenioazurmendi.local/workshop/ has been purged, triggered by action: save_post 
[2025-03-22 19:59:51 : INFO] - Cache for URL: http://eugenioazurmendi.local/workshop/ has been purged, triggered by action: save_post 
[2025-03-22 19:59:52 : INFO] - Cache for URL: http://eugenioazurmendi.local/workshop/ has been purged, triggered by action: save_post 
[2025-03-22 19:59:52 : INFO] - Cache for URL: http://eugenioazurmendi.local/workshop/ has been purged, triggered by action: save_post 
[2025-03-22 20:01:28 : INFO] - Cache for URL: http://eugenioazurmendi.local/workshop/ has been purged, triggered by action: save_post 
[2025-03-22 20:03:51 : INFO] - Cache for URL: http://eugenioazurmendi.local/taller/ has been purged, triggered by action: save_post 
[2025-03-22 20:03:53 : INFO] - Cache for URL: http://eugenioazurmendi.local/workshop/ has been purged, triggered by action: save_post 
[2025-03-22 20:13:30 : INFO] - Cache for URL: http://eugenioazurmendi.local/workshop/ has been purged, triggered by action: save_post 
[2025-03-22 20:13:30 : INFO] - Cache for URL: http://eugenioazurmendi.local/workshop/ has been purged, triggered by action: save_post 
[2025-03-22 20:14:02 : INFO] - Cache for URL: http://eugenioazurmendi.local/workshop/ has been purged, triggered by action: save_post 
[2025-03-22 20:17:54 : INFO] - Cache for URL: http://eugenioazurmendi.local/taller/ has been purged, triggered by action: save_post 
[2025-03-22 20:19:26 : INFO] - Cache for URL: http://eugenioazurmendi.local/workshop/ has been purged, triggered by action: save_post 
[2025-03-22 20:26:39 : INFO] - Cache for URL: http://eugenioazurmendi.local/workshop/ has been purged, triggered by action: save_post 
[2025-03-22 20:27:04 : INFO] - Cache for URL: http://eugenioazurmendi.local/logbook/ has been purged, triggered by action: save_post 
[2025-03-22 20:28:44 : INFO] - Cache for URL: http://eugenioazurmendi.local/hello/ has been purged, triggered by action: save_post 
[2025-03-22 20:28:44 : INFO] - Cache for URL: http://eugenioazurmendi.local/hello/ has been purged, triggered by action: save_post 
[2025-03-22 20:29:39 : INFO] - Cache for URL: http://eugenioazurmendi.local/hello/ has been purged, triggered by action: save_post 
[2025-03-22 20:41:55 : INFO] - Cache for multiple term taxonomy have been purged due to post terms update, triggered by action: set_object_terms 
[2025-03-22 20:41:55 : INFO] - Cache for URL: http://eugenioazurmendi.local/my-web/ has been purged, triggered by action: save_post 
[2025-03-22 20:41:55 : INFO] - Cache for previous post (with URL: http://eugenioazurmendi.local/mi-web/) adjacent to post with id: 271 has been purged, triggered by action: save_post 
[2025-03-22 20:41:55 : INFO] - Cache for next post (with URL: http://eugenioazurmendi.local/berta-2/) adjacent to post with id: 271 has been purged, triggered by action: save_post 
[2025-03-22 20:41:55 : INFO] - Cache for all archives page associated with post_type: post and Title: "My Web" have been purged, triggered by action: save_post 
[2025-03-22 20:41:55 : INFO] - Cache for multiple term taxonomy have been purged due to post terms update, triggered by action: set_object_terms 
[2025-03-22 20:41:55 : INFO] - Cache for URL: http://eugenioazurmendi.local/my-web/ has been purged, triggered by action: save_post 
[2025-03-22 20:41:55 : INFO] - Cache for previous post (with URL: http://eugenioazurmendi.local/mi-web/) adjacent to post with id: 271 has been purged, triggered by action: save_post 
[2025-03-22 20:41:55 : INFO] - Cache for next post (with URL: http://eugenioazurmendi.local/berta-2/) adjacent to post with id: 271 has been purged, triggered by action: save_post 
[2025-03-22 20:41:55 : INFO] - Cache for all archives page associated with post_type: post and Title: "My Web" have been purged, triggered by action: save_post 
[2025-03-22 20:41:56 : INFO] - Cache for multiple term taxonomy have been purged due to post terms update, triggered by action: set_object_terms 
[2025-03-22 20:41:56 : INFO] - Cache for URL: http://eugenioazurmendi.local/my-web/ has been purged, triggered by action: save_post 
[2025-03-22 20:41:56 : INFO] - Cache for previous post (with URL: http://eugenioazurmendi.local/mi-web/) adjacent to post with id: 271 has been purged, triggered by action: save_post 
[2025-03-22 20:41:56 : INFO] - Cache for next post (with URL: http://eugenioazurmendi.local/berta-2/) adjacent to post with id: 271 has been purged, triggered by action: save_post 
[2025-03-22 20:41:56 : INFO] - Cache for all archives page associated with post_type: post and Title: "My Web" have been purged, triggered by action: save_post 
[2025-03-22 20:41:56 : INFO] - Cache for multiple term taxonomy have been purged due to post terms update, triggered by action: set_object_terms 
[2025-03-22 20:41:56 : INFO] - Cache for URL: http://eugenioazurmendi.local/my-web/ has been purged, triggered by action: save_post 
[2025-03-22 20:41:56 : INFO] - Cache for previous post (with URL: http://eugenioazurmendi.local/mi-web/) adjacent to post with id: 271 has been purged, triggered by action: save_post 
[2025-03-22 20:41:56 : INFO] - Cache for next post (with URL: http://eugenioazurmendi.local/berta-2/) adjacent to post with id: 271 has been purged, triggered by action: save_post 
[2025-03-22 20:41:56 : INFO] - Cache for all archives page associated with post_type: post and Title: "My Web" have been purged, triggered by action: save_post 
[2025-03-22 20:42:38 : INFO] - Cache for multiple term taxonomy have been purged due to post terms update, triggered by action: set_object_terms 
[2025-03-22 20:42:38 : INFO] - Cache for URL: http://eugenioazurmendi.local/berta-2/ has been purged, triggered by action: save_post 
[2025-03-22 20:42:38 : INFO] - Cache for previous post (with URL: http://eugenioazurmendi.local/my-web/) adjacent to post with id: 274 has been purged, triggered by action: save_post 
[2025-03-22 20:42:38 : INFO] - Cache for all archives page associated with post_type: post and Title: "Berta" have been purged, triggered by action: save_post 
[2025-03-22 20:42:38 : INFO] - Cache for multiple term taxonomy have been purged due to post terms update, triggered by action: set_object_terms 
[2025-03-22 20:42:38 : INFO] - Cache for URL: http://eugenioazurmendi.local/berta-2/ has been purged, triggered by action: save_post 
[2025-03-22 20:42:38 : INFO] - Cache for previous post (with URL: http://eugenioazurmendi.local/my-web/) adjacent to post with id: 274 has been purged, triggered by action: save_post 
[2025-03-22 20:42:38 : INFO] - Cache for all archives page associated with post_type: post and Title: "Berta" have been purged, triggered by action: save_post 
[2025-03-22 20:43:47 : INFO] - Cache for multiple term taxonomy have been purged due to post terms update, triggered by action: set_object_terms 
[2025-03-22 20:43:47 : INFO] - Cache for URL: http://eugenioazurmendi.local/mi-web/ has been purged, triggered by action: save_post 
[2025-03-22 20:43:47 : INFO] - Cache for previous post (with URL: http://eugenioazurmendi.local/berta/) adjacent to post with id: 194 has been purged, triggered by action: save_post 
[2025-03-22 20:43:47 : INFO] - Cache for next post (with URL: http://eugenioazurmendi.local/my-web/) adjacent to post with id: 194 has been purged, triggered by action: save_post 
[2025-03-22 20:43:47 : INFO] - Cache for all archives page associated with post_type: post and Title: "mi Web" have been purged, triggered by action: save_post 
[2025-03-22 20:43:48 : INFO] - Cache for multiple term taxonomy have been purged due to post terms update, triggered by action: set_object_terms 
[2025-03-22 20:43:48 : INFO] - Cache for URL: http://eugenioazurmendi.local/mi-web/ has been purged, triggered by action: save_post 
[2025-03-22 20:43:48 : INFO] - Cache for previous post (with URL: http://eugenioazurmendi.local/berta/) adjacent to post with id: 194 has been purged, triggered by action: save_post 
[2025-03-22 20:43:48 : INFO] - Cache for next post (with URL: http://eugenioazurmendi.local/my-web/) adjacent to post with id: 194 has been purged, triggered by action: save_post 
[2025-03-22 20:43:48 : INFO] - Cache for all archives page associated with post_type: post and Title: "mi Web" have been purged, triggered by action: save_post 
